<?xml version="1.0" encoding="UTF-8"?>
<!-- Generated by org.testng.reporters.JUnitReportReporter -->
<testsuite hostname="Sonu-Macbook-Pro.local" failures="0" tests="2" name="com.example.AppTest" time="53.484" errors="0" timestamp="28 Nov 2024 14:39:44 GMT" skipped="0">
  <testcase classname="com.example.AppTest" name="Login_With_Valid_Credintials" time="24.604"/>
  <testcase classname="com.example.AppTest" name="Login_With_Invalid_Credintials" time="28.880"/>
</testsuite> <!-- com.example.AppTest -->
